<?xml version="1.0" encoding="UTF-8"?>
<testng-results skipped="0" failed="0" ignored="0" total="1" passed="1">
  <reporter-output>
  </reporter-output>
  <suite name="Default suite" duration-ms="38189" started-at="2018-06-26T22:11:23Z" finished-at="2018-06-26T22:12:01Z">
    <groups>
    </groups>
    <test name="Default test" duration-ms="38189" started-at="2018-06-26T22:11:23Z" finished-at="2018-06-26T22:12:01Z">
      <class name="MockarooDataValidation">
        <test-method status="PASS" signature="setUp()[pri:0, instance:MockarooDataValidation@91161c7]" name="setUp" is-config="true" duration-ms="13279" started-at="2018-06-26T22:11:23Z" finished-at="2018-06-26T22:11:36Z">
          <reporter-output>
          </reporter-output>
        </test-method> <!-- setUp -->
        <test-method status="PASS" signature="navigateToHomePage()[pri:0, instance:MockarooDataValidation@91161c7]" name="navigateToHomePage" is-config="true" duration-ms="6851" started-at="2018-06-26T22:11:36Z" finished-at="2018-06-26T22:11:43Z">
          <reporter-output>
          </reporter-output>
        </test-method> <!-- navigateToHomePage -->
        <test-method status="PASS" signature="openApplication()[pri:0, instance:MockarooDataValidation@91161c7]" name="openApplication" duration-ms="17886" started-at="2018-06-26T22:11:43Z" finished-at="2018-06-26T22:12:01Z">
          <reporter-output>
          </reporter-output>
        </test-method> <!-- openApplication -->
      </class> <!-- MockarooDataValidation -->
    </test> <!-- Default test -->
  </suite> <!-- Default suite -->
</testng-results>
